2018-11-30 18:03:41 [scrapy.utils.log] INFO: Scrapy 1.5.1 started (bot: myscrapy)
2018-11-30 18:03:41 [scrapy.utils.log] INFO: Versions: lxml 4.2.5.0, libxml2 2.9.5, cssselect 1.0.3, parsel 1.5.1, w3lib 1.19.0, Twisted 18.9.0, Python 3.6.5 (v3.6.5:f59c0932b4, Mar 28 2018, 16:07:46) [MSC v.1900 32 bit (Intel)], pyOpenSSL 18.0.0 (OpenSSL 1.1.0i  14 Aug 2018), cryptography 2.4.1, Platform Windows-10-10.0.17134-SP0
2018-11-30 18:03:41 [scrapy.crawler] INFO: Overridden settings: {'BOT_NAME': 'myscrapy', 'DOWNLOAD_DELAY': 0.5, 'LOG_FILE': 'logs\\myscrapy\\bizhi\\34a99baef48711e88192d050998caf0c.log', 'NEWSPIDER_MODULE': 'myscrapy.spiders', 'SPIDER_MODULES': ['myscrapy.spiders'], 'USER_AGENT': 'Mozilla/5.0 (Windows NT 10.0; Win64; x64) AppleWebKit/537.36 (KHTML, like Gecko) Chrome/70.0.3538.102 Safari/537.36'}
2018-11-30 18:03:41 [scrapy.middleware] INFO: Enabled extensions:
['scrapy.extensions.corestats.CoreStats',
 'scrapy.extensions.telnet.TelnetConsole',
 'scrapy.extensions.logstats.LogStats']
2018-11-30 18:03:42 [scrapy.middleware] INFO: Enabled downloader middlewares:
['scrapy.downloadermiddlewares.httpauth.HttpAuthMiddleware',
 'scrapy.downloadermiddlewares.downloadtimeout.DownloadTimeoutMiddleware',
 'scrapy.downloadermiddlewares.defaultheaders.DefaultHeadersMiddleware',
 'scrapy.downloadermiddlewares.useragent.UserAgentMiddleware',
 'scrapy.downloadermiddlewares.retry.RetryMiddleware',
 'scrapy.downloadermiddlewares.redirect.MetaRefreshMiddleware',
 'scrapy.downloadermiddlewares.httpcompression.HttpCompressionMiddleware',
 'scrapy.downloadermiddlewares.redirect.RedirectMiddleware',
 'scrapy.downloadermiddlewares.cookies.CookiesMiddleware',
 'scrapy.downloadermiddlewares.httpproxy.HttpProxyMiddleware',
 'scrapy.downloadermiddlewares.stats.DownloaderStats']
2018-11-30 18:03:42 [scrapy.middleware] INFO: Enabled spider middlewares:
['scrapy.spidermiddlewares.httperror.HttpErrorMiddleware',
 'scrapy.spidermiddlewares.offsite.OffsiteMiddleware',
 'scrapy.spidermiddlewares.referer.RefererMiddleware',
 'scrapy.spidermiddlewares.urllength.UrlLengthMiddleware',
 'scrapy.spidermiddlewares.depth.DepthMiddleware']
2018-11-30 18:03:42 [scrapy.middleware] INFO: Enabled item pipelines:
['myscrapy.pipelines.MyImagesPipeline']
2018-11-30 18:03:42 [scrapy.core.engine] INFO: Spider opened
2018-11-30 18:03:42 [scrapy.extensions.logstats] INFO: Crawled 0 pages (at 0 pages/min), scraped 0 items (at 0 items/min)
2018-11-30 18:03:42 [scrapy.extensions.telnet] DEBUG: Telnet console listening on 127.0.0.1:6023
